0 info it worked if it ends with ok
1 verbose cli [ '/usr/bin/nodejs',
1 verbose cli   '/usr/bin/npm',
1 verbose cli   'install',
1 verbose cli   '-g',
1 verbose cli   'babel-loader' ]
2 info using npm@2.14.12
3 info using node@v4.3.1
4 verbose install initial load of /usr/lib/package.json
5 verbose readDependencies loading dependencies from /usr/lib/package.json
6 silly cache add args [ 'babel-loader', null ]
7 verbose cache add spec babel-loader
8 silly cache add parsed spec Result {
8 silly cache add   raw: 'babel-loader',
8 silly cache add   scope: null,
8 silly cache add   name: 'babel-loader',
8 silly cache add   rawSpec: '',
8 silly cache add   spec: 'latest',
8 silly cache add   type: 'tag' }
9 silly addNamed babel-loader@latest
10 verbose addNamed "latest" is being treated as a dist-tag for babel-loader
11 info addNameTag [ 'babel-loader', 'latest' ]
12 silly mapToRegistry name babel-loader
13 silly mapToRegistry using default registry
14 silly mapToRegistry registry https://registry.npmjs.org/
15 silly mapToRegistry uri https://registry.npmjs.org/babel-loader
16 verbose addNameTag registry:https://registry.npmjs.org/babel-loader not in flight; fetching
17 verbose request uri https://registry.npmjs.org/babel-loader
18 verbose request no auth needed
19 info attempt registry request try #1 at 6:09:26 PM
20 verbose request id 871a6c0790e786f7
21 verbose etag "9JDQBUCBZ9A8D2FFXFZNYHCK8"
22 http request GET https://registry.npmjs.org/babel-loader
23 http 304 https://registry.npmjs.org/babel-loader
24 verbose headers { date: 'Sat, 16 Jul 2016 01:09:26 GMT',
24 verbose headers   via: '1.1 varnish',
24 verbose headers   'cache-control': 'max-age=300',
24 verbose headers   etag: '"9JDQBUCBZ9A8D2FFXFZNYHCK8"',
24 verbose headers   age: '40',
24 verbose headers   connection: 'keep-alive',
24 verbose headers   'x-served-by': 'cache-lax1434-LAX',
24 verbose headers   'x-cache': 'HIT',
24 verbose headers   'x-cache-hits': '1',
24 verbose headers   'x-timer': 'S1468631366.482155,VS0,VE0',
24 verbose headers   vary: 'Accept-Encoding' }
25 silly get cb [ 304,
25 silly get   { date: 'Sat, 16 Jul 2016 01:09:26 GMT',
25 silly get     via: '1.1 varnish',
25 silly get     'cache-control': 'max-age=300',
25 silly get     etag: '"9JDQBUCBZ9A8D2FFXFZNYHCK8"',
25 silly get     age: '40',
25 silly get     connection: 'keep-alive',
25 silly get     'x-served-by': 'cache-lax1434-LAX',
25 silly get     'x-cache': 'HIT',
25 silly get     'x-cache-hits': '1',
25 silly get     'x-timer': 'S1468631366.482155,VS0,VE0',
25 silly get     vary: 'Accept-Encoding' } ]
26 verbose etag https://registry.npmjs.org/babel-loader from cache
27 verbose get saving babel-loader to /home/johnanthony/.npm/registry.npmjs.org/babel-loader/.cache.json
28 silly addNameTag next cb for babel-loader with tag latest
29 silly addNamed babel-loader@6.2.4
30 verbose addNamed "6.2.4" is a plain semver version for babel-loader
31 silly cache afterAdd babel-loader@6.2.4
32 verbose afterAdd /home/johnanthony/.npm/babel-loader/6.2.4/package/package.json not in flight; writing
33 verbose afterAdd /home/johnanthony/.npm/babel-loader/6.2.4/package/package.json written
34 silly install resolved [ { name: 'babel-loader',
34 silly install resolved     version: '6.2.4',
34 silly install resolved     description: 'babel module loader for webpack',
34 silly install resolved     files: [ 'index.js', 'lib' ],
34 silly install resolved     dependencies:
34 silly install resolved      { 'loader-utils': '^0.2.11',
34 silly install resolved        mkdirp: '^0.5.1',
34 silly install resolved        'object-assign': '^4.0.1' },
34 silly install resolved     peerDependencies: { 'babel-core': '^6.0.0', webpack: '1 || ^2.1.0-beta' },
34 silly install resolved     devDependencies:
34 silly install resolved      { 'expect.js': '^0.3.1',
34 silly install resolved        istanbul: '^0.4.0',
34 silly install resolved        jscs: '^2.5.0',
34 silly install resolved        jshint: '^2.8.0',
34 silly install resolved        mocha: '^2.3.3',
34 silly install resolved        rimraf: '^2.4.3',
34 silly install resolved        webpack: '^1.12.2' },
34 silly install resolved     scripts:
34 silly install resolved      { test: 'npm run hint && npm run cs && npm run cov',
34 silly install resolved        cov: 'istanbul cover ./node_modules/.bin/_mocha -- test/*.test.js',
34 silly install resolved        hint: 'jshint --config .jshintrc index.js lib/* test/*',
34 silly install resolved        cs: 'jscs --config .jscsrc index.js lib/* test/*' },
34 silly install resolved     repository:
34 silly install resolved      { type: 'git',
34 silly install resolved        url: 'git+https://github.com/babel/babel-loader.git' },
34 silly install resolved     keywords:
34 silly install resolved      [ 'webpack',
34 silly install resolved        'loader',
34 silly install resolved        '6to5',
34 silly install resolved        'babel',
34 silly install resolved        'es6',
34 silly install resolved        'transpiler',
34 silly install resolved        'module' ],
34 silly install resolved     author: { name: 'Luis Couto', email: 'hello@luiscouto.pt' },
34 silly install resolved     license: 'MIT',
34 silly install resolved     bugs: { url: 'https://github.com/babel/babel-loader/issues' },
34 silly install resolved     homepage: 'https://github.com/babel/babel-loader',
34 silly install resolved     gitHead: '28e76e3b5b4b1526ea89126a83588619c2ac1638',
34 silly install resolved     _id: 'babel-loader@6.2.4',
34 silly install resolved     _shasum: 'aa70aff8ddc223a5952e839a43a6c3a4c8bfa1e9',
34 silly install resolved     _from: 'babel-loader@latest',
34 silly install resolved     _npmVersion: '3.7.2',
34 silly install resolved     _nodeVersion: '5.6.0',
34 silly install resolved     _npmUser: { name: 'couto', email: 'hello@luiscouto.pt' },
34 silly install resolved     dist:
34 silly install resolved      { shasum: 'aa70aff8ddc223a5952e839a43a6c3a4c8bfa1e9',
34 silly install resolved        tarball: 'https://registry.npmjs.org/babel-loader/-/babel-loader-6.2.4.tgz' },
34 silly install resolved     maintainers: [ [Object], [Object] ],
34 silly install resolved     _npmOperationalInternal:
34 silly install resolved      { host: 'packages-6-west.internal.npmjs.com',
34 silly install resolved        tmp: 'tmp/babel-loader-6.2.4.tgz_1456567898502_0.7956836845260113' },
34 silly install resolved     directories: {},
34 silly install resolved     _resolved: 'https://registry.npmjs.org/babel-loader/-/babel-loader-6.2.4.tgz',
34 silly install resolved     readme: 'ERROR: No README data found!' } ]
35 info install babel-loader@6.2.4 into /usr/lib
36 info installOne babel-loader@6.2.4
37 verbose installOne of babel-loader to /usr/lib not in flight; installing
38 verbose lock using /home/johnanthony/.npm/_locks/babel-loader-3d71f3adf66f3d6d.lock for /usr/lib/node_modules/babel-loader
39 silly install write writing babel-loader 6.2.4 to /usr/lib/node_modules/babel-loader
40 verbose unbuild lib/node_modules/babel-loader
41 silly gentlyRm /usr/lib/node_modules/babel-loader is being purged from base /usr
42 verbose gentlyRm don't care about contents; nuking /usr/lib/node_modules/babel-loader
43 verbose tar unpack /home/johnanthony/.npm/babel-loader/6.2.4/package.tgz
44 verbose tar unpacking to /usr/lib/node_modules/babel-loader
45 silly gentlyRm /usr/lib/node_modules/babel-loader is being purged
46 verbose gentlyRm don't care about contents; nuking /usr/lib/node_modules/babel-loader
47 silly gunzTarPerm modes [ '775', '664' ]
48 error tar.unpack untar error /home/johnanthony/.npm/babel-loader/6.2.4/package.tgz
49 verbose unlock done using /home/johnanthony/.npm/_locks/babel-loader-3d71f3adf66f3d6d.lock for /usr/lib/node_modules/babel-loader
50 verbose fstream_path /usr/lib/node_modules/babel-loader
51 verbose fstream_type Directory
52 verbose fstream_class DirWriter
53 verbose stack Error: EACCES: permission denied, mkdir '/usr/lib/node_modules/babel-loader'
53 verbose stack     at Error (native)
54 verbose fstream_stack /usr/lib/node_modules/npm/node_modules/fstream/lib/dir-writer.js:35:25
54 verbose fstream_stack /usr/lib/node_modules/npm/node_modules/mkdirp/index.js:47:53
54 verbose fstream_stack FSReqWrap.oncomplete (fs.js:82:15)
55 verbose cwd /home/johnanthony/Dev/personal/slitherbots
56 error Linux 4.2.0-27-generic
57 error argv "/usr/bin/nodejs" "/usr/bin/npm" "install" "-g" "babel-loader"
58 error node v4.3.1
59 error npm  v2.14.12
60 error path /usr/lib/node_modules/babel-loader
61 error code EACCES
62 error errno -13
63 error syscall mkdir
64 error Error: EACCES: permission denied, mkdir '/usr/lib/node_modules/babel-loader'
64 error     at Error (native)
64 error  { [Error: EACCES: permission denied, mkdir '/usr/lib/node_modules/babel-loader']
64 error   errno: -13,
64 error   code: 'EACCES',
64 error   syscall: 'mkdir',
64 error   path: '/usr/lib/node_modules/babel-loader',
64 error   fstream_type: 'Directory',
64 error   fstream_path: '/usr/lib/node_modules/babel-loader',
64 error   fstream_class: 'DirWriter',
64 error   fstream_stack:
64 error    [ '/usr/lib/node_modules/npm/node_modules/fstream/lib/dir-writer.js:35:25',
64 error      '/usr/lib/node_modules/npm/node_modules/mkdirp/index.js:47:53',
64 error      'FSReqWrap.oncomplete (fs.js:82:15)' ] }
65 error Please try running this command again as root/Administrator.
66 verbose exit [ -13, true ]
67 verbose unbuild lib/node_modules/babel-loader
68 silly gentlyRm /usr/lib/node_modules/babel-loader is being purged from base /usr
69 verbose gentlyRm don't care about contents; nuking /usr/lib/node_modules/babel-loader
